2025-11-17 20:37:21,236 - INFO - Starting Excel RPA run | workbook=Book2 | target_mode=active | sheet_name=Sheet1 | start_cell=A1 | status_updates=False | images_dir=/Users/[censored]/invoice-digitization-framework/data/images | lang=eng | recursive=False | value_columns=default
2025-11-17 20:37:21,593 - INFO - ExcelStreamWriter ready | target_mode=active | sheet=Sheet1 | start_cell=D5
2025-11-17 20:37:21,593 - INFO - Running OCR pipeline | images_dir=/Users/[censored]/invoice-digitization-framework/data/images | lang=eng | recursive=False
2025-11-17 20:37:21,599 - INFO - Progress: OCR: /Users/[censored]/invoice-digitization-framework/data/images/Template1_Instance0.jpg [1/200 | 00:00]
2025-11-17 20:37:25,747 - INFO - Excel row written | seq=1 | filename=Template1_Instance0.jpg | total_columns=15 | elapsed_ms=4148
2025-11-17 20:37:25,748 - INFO - Progress: OCR: /Users/[censored]/invoice-digitization-framework/data/images/Template1_Instance1.jpg [2/200 | 00:04]
2025-11-17 20:37:28,145 - INFO - Excel row written | seq=2 | filename=Template1_Instance1.jpg | total_columns=15 | elapsed_ms=2397
2025-11-17 20:37:28,146 - INFO - Progress: OCR: /Users/[censored]/invoice-digitization-framework/data/images/Template1_Instance10.jpg [3/200 | 00:06]
2025-11-17 20:37:30,345 - INFO - Excel row written | seq=3 | filename=Template1_Instance10.jpg | total_columns=15 | elapsed_ms=2200
2025-11-17 20:37:30,346 - INFO - Progress: OCR: /Users/[censored]/invoice-digitization-framework/data/images/Template1_Instance100.jpg [4/200 | 00:08]
2025-11-17 20:37:32,729 - INFO - Excel row written | seq=4 | filename=Template1_Instance100.jpg | total_columns=15 | elapsed_ms=2383
2025-11-17 20:37:32,729 - INFO - Progress: OCR: /Users/[censored]/invoice-digitization-framework/data/images/Template1_Instance101.jpg [5/200 | 00:11]
2025-11-17 20:37:35,295 - INFO - Excel row written | seq=5 | filename=Template1_Instance101.jpg | total_columns=15 | elapsed_ms=2566
2025-11-17 20:37:35,295 - INFO - Progress: OCR: /Users/[censored]/invoice-digitization-framework/data/images/Template1_Instance102.jpg [6/200 | 00:13]
2025-11-17 20:37:37,595 - INFO - Excel row written | seq=6 | filename=Template1_Instance102.jpg | total_columns=15 | elapsed_ms=2300
2025-11-17 20:37:37,595 - INFO - Progress: OCR: /Users/[censored]/invoice-digitization-framework/data/images/Template1_Instance103.jpg [7/200 | 00:15]
2025-11-17 20:37:39,945 - INFO - Excel row written | seq=7 | filename=Template1_Instance103.jpg | total_columns=15 | elapsed_ms=2350
2025-11-17 20:37:39,946 - INFO - Progress: OCR: /Users/[censored]/invoice-digitization-framework/data/images/Template1_Instance104.jpg [8/200 | 00:18]
2025-11-17 20:37:42,295 - INFO - Excel row written | seq=8 | filename=Template1_Instance104.jpg | total_columns=15 | elapsed_ms=2349
2025-11-17 20:37:42,296 - INFO - Progress: OCR: /Users/[censored]/invoice-digitization-framework/data/images/Template1_Instance105.jpg [9/200 | 00:20]
2025-11-17 20:37:44,612 - INFO - Excel row written | seq=9 | filename=Template1_Instance105.jpg | total_columns=15 | elapsed_ms=2316
2025-11-17 20:37:44,612 - INFO - Progress: OCR: /Users/[censored]/invoice-digitization-framework/data/images/Template1_Instance106.jpg [10/200 | 00:23]
2025-11-17 20:37:47,277 - INFO - Excel row written | seq=10 | filename=Template1_Instance106.jpg | total_columns=15 | elapsed_ms=2665
2025-11-17 20:37:47,278 - INFO - Progress: OCR: /Users/[censored]/invoice-digitization-framework/data/images/Template1_Instance107.jpg [11/200 | 00:25]
2025-11-17 20:37:49,662 - INFO - Excel row written | seq=11 | filename=Template1_Instance107.jpg | total_columns=15 | elapsed_ms=2384
2025-11-17 20:37:49,662 - INFO - Progress: OCR: /Users/[censored]/invoice-digitization-framework/data/images/Template1_Instance108.jpg [12/200 | 00:28]
2025-11-17 20:37:52,062 - INFO - Excel row written | seq=12 | filename=Template1_Instance108.jpg | total_columns=15 | elapsed_ms=2399
2025-11-17 20:37:52,062 - INFO - Progress: OCR: /Users/[censored]/invoice-digitization-framework/data/images/Template1_Instance109.jpg [13/200 | 00:30]
2025-11-17 20:37:54,729 - INFO - Excel row written | seq=13 | filename=Template1_Instance109.jpg | total_columns=15 | elapsed_ms=2667
2025-11-17 20:37:54,729 - INFO - Progress: OCR: /Users/[censored]/invoice-digitization-framework/data/images/Template1_Instance11.jpg [14/200 | 00:33]
2025-11-17 20:37:56,929 - INFO - Excel row written | seq=14 | filename=Template1_Instance11.jpg | total_columns=15 | elapsed_ms=2199
2025-11-17 20:37:56,929 - INFO - Progress: OCR: /Users/[censored]/invoice-digitization-framework/data/images/Template1_Instance110.jpg [15/200 | 00:35]
2025-11-17 20:37:59,429 - INFO - Excel row written | seq=15 | filename=Template1_Instance110.jpg | total_columns=15 | elapsed_ms=2500
2025-11-17 20:37:59,430 - INFO - Progress: OCR: /Users/[censored]/invoice-digitization-framework/data/images/Template1_Instance111.jpg [16/200 | 00:37]
2025-11-17 20:38:01,928 - INFO - Excel row written | seq=16 | filename=Template1_Instance111.jpg | total_columns=15 | elapsed_ms=2498
2025-11-17 20:38:01,928 - INFO - Progress: OCR: /Users/[censored]/invoice-digitization-framework/data/images/Template1_Instance112.jpg [17/200 | 00:40]
2025-11-17 20:38:04,162 - INFO - Excel row written | seq=17 | filename=Template1_Instance112.jpg | total_columns=15 | elapsed_ms=2234
2025-11-17 20:38:04,163 - INFO - Progress: OCR: /Users/[censored]/invoice-digitization-framework/data/images/Template1_Instance113.jpg [18/200 | 00:42]
2025-11-17 20:38:06,561 - INFO - Excel row written | seq=18 | filename=Template1_Instance113.jpg | total_columns=15 | elapsed_ms=2398
2025-11-17 20:38:06,562 - INFO - Progress: OCR: /Users/[censored]/invoice-digitization-framework/data/images/Template1_Instance114.jpg [19/200 | 00:44]
2025-11-17 20:38:09,013 - INFO - Excel row written | seq=19 | filename=Template1_Instance114.jpg | total_columns=15 | elapsed_ms=2451
2025-11-17 20:38:09,014 - INFO - Progress: OCR: /Users/[censored]/invoice-digitization-framework/data/images/Template1_Instance115.jpg [20/200 | 00:47]
2025-11-17 20:38:11,328 - INFO - Excel row written | seq=20 | filename=Template1_Instance115.jpg | total_columns=15 | elapsed_ms=2314
2025-11-17 20:38:11,329 - INFO - Progress: OCR: /Users/[censored]/invoice-digitization-framework/data/images/Template1_Instance116.jpg [21/200 | 00:49]
2025-11-17 20:38:13,678 - INFO - Excel row written | seq=21 | filename=Template1_Instance116.jpg | total_columns=15 | elapsed_ms=2349
2025-11-17 20:38:13,678 - INFO - Progress: OCR: /Users/[censored]/invoice-digitization-framework/data/images/Template1_Instance117.jpg [22/200 | 00:52]
2025-11-17 20:38:16,128 - INFO - Excel row written | seq=22 | filename=Template1_Instance117.jpg | total_columns=15 | elapsed_ms=2449
2025-11-17 20:38:16,128 - INFO - Progress: OCR: /Users/[censored]/invoice-digitization-framework/data/images/Template1_Instance118.jpg [23/200 | 00:54]
2025-11-17 20:38:18,511 - INFO - Excel row written | seq=23 | filename=Template1_Instance118.jpg | total_columns=15 | elapsed_ms=2383
2025-11-17 20:38:18,511 - INFO - Progress: OCR: /Users/[censored]/invoice-digitization-framework/data/images/Template1_Instance119.jpg [24/200 | 00:56]
2025-11-17 20:38:21,047 - INFO - Excel row written | seq=24 | filename=Template1_Instance119.jpg | total_columns=15 | elapsed_ms=2535
2025-11-17 20:38:21,047 - INFO - Progress: OCR: /Users/[censored]/invoice-digitization-framework/data/images/Template1_Instance12.jpg [25/200 | 00:59]
2025-11-17 20:38:23,294 - INFO - Excel row written | seq=25 | filename=Template1_Instance12.jpg | total_columns=15 | elapsed_ms=2247
2025-11-17 20:38:23,295 - INFO - Progress: OCR: /Users/[censored]/invoice-digitization-framework/data/images/Template1_Instance120.jpg [26/200 | 01:01]
2025-11-17 20:38:26,382 - INFO - Excel row written | seq=26 | filename=Template1_Instance120.jpg | total_columns=15 | elapsed_ms=3088
2025-11-17 20:38:26,383 - INFO - Progress: OCR: /Users/[censored]/invoice-digitization-framework/data/images/Template1_Instance121.jpg [27/200 | 01:04]
2025-11-17 20:38:29,227 - INFO - Excel row written | seq=27 | filename=Template1_Instance121.jpg | total_columns=15 | elapsed_ms=2844
2025-11-17 20:38:29,228 - INFO - Progress: OCR: /Users/[censored]/invoice-digitization-framework/data/images/Template1_Instance122.jpg [28/200 | 01:07]
2025-11-17 20:38:31,728 - INFO - Excel row written | seq=28 | filename=Template1_Instance122.jpg | total_columns=15 | elapsed_ms=2501
2025-11-17 20:38:31,729 - INFO - Progress: OCR: /Users/[censored]/invoice-digitization-framework/data/images/Template1_Instance123.jpg [29/200 | 01:10]
2025-11-17 20:38:34,095 - INFO - Excel row written | seq=29 | filename=Template1_Instance123.jpg | total_columns=15 | elapsed_ms=2366
2025-11-17 20:38:34,095 - INFO - Progress: OCR: /Users/[censored]/invoice-digitization-framework/data/images/Template1_Instance124.jpg [30/200 | 01:12]
2025-11-17 20:38:36,311 - INFO - Excel row written | seq=30 | filename=Template1_Instance124.jpg | total_columns=15 | elapsed_ms=2215
2025-11-17 20:38:36,311 - INFO - Progress: OCR: /Users/[censored]/invoice-digitization-framework/data/images/Template1_Instance125.jpg [31/200 | 01:14]
2025-11-17 20:38:38,827 - INFO - Excel row written | seq=31 | filename=Template1_Instance125.jpg | total_columns=15 | elapsed_ms=2516
2025-11-17 20:38:38,828 - INFO - Progress: OCR: /Users/[censored]/invoice-digitization-framework/data/images/Template1_Instance126.jpg [32/200 | 01:17]
2025-11-17 20:38:41,244 - INFO - Excel row written | seq=32 | filename=Template1_Instance126.jpg | total_columns=15 | elapsed_ms=2416
2025-11-17 20:38:41,244 - INFO - Progress: OCR: /Users/[censored]/invoice-digitization-framework/data/images/Template1_Instance127.jpg [33/200 | 01:19]
2025-11-17 20:38:43,611 - INFO - Excel row written | seq=33 | filename=Template1_Instance127.jpg | total_columns=15 | elapsed_ms=2367
2025-11-17 20:38:43,611 - INFO - Progress: OCR: /Users/[censored]/invoice-digitization-framework/data/images/Template1_Instance128.jpg [34/200 | 01:22]
2025-11-17 20:38:45,978 - INFO - Excel row written | seq=34 | filename=Template1_Instance128.jpg | total_columns=15 | elapsed_ms=2367
2025-11-17 20:38:45,979 - INFO - Progress: OCR: /Users/[censored]/invoice-digitization-framework/data/images/Template1_Instance129.jpg [35/200 | 01:24]
2025-11-17 20:38:48,361 - INFO - Excel row written | seq=35 | filename=Template1_Instance129.jpg | total_columns=15 | elapsed_ms=2382
2025-11-17 20:38:48,361 - INFO - Progress: OCR: /Users/[censored]/invoice-digitization-framework/data/images/Template1_Instance13.jpg [36/200 | 01:26]
2025-11-17 20:38:50,761 - INFO - Excel row written | seq=36 | filename=Template1_Instance13.jpg | total_columns=15 | elapsed_ms=2400
2025-11-17 20:38:50,761 - INFO - Progress: OCR: /Users/[censored]/invoice-digitization-framework/data/images/Template1_Instance130.jpg [37/200 | 01:29]
2025-11-17 20:38:53,361 - INFO - Excel row written | seq=37 | filename=Template1_Instance130.jpg | total_columns=15 | elapsed_ms=2599
2025-11-17 20:38:53,361 - INFO - Progress: OCR: /Users/[censored]/invoice-digitization-framework/data/images/Template1_Instance131.jpg [38/200 | 01:31]
2025-11-17 20:38:55,744 - INFO - Excel row written | seq=38 | filename=Template1_Instance131.jpg | total_columns=15 | elapsed_ms=2383
2025-11-17 20:38:55,745 - INFO - Progress: OCR: /Users/[censored]/invoice-digitization-framework/data/images/Template1_Instance132.jpg [39/200 | 01:34]
2025-11-17 20:38:58,162 - INFO - Excel row written | seq=39 | filename=Template1_Instance132.jpg | total_columns=15 | elapsed_ms=2417
2025-11-17 20:38:58,162 - INFO - Progress: OCR: /Users/[censored]/invoice-digitization-framework/data/images/Template1_Instance133.jpg [40/200 | 01:36]
2025-11-17 20:39:00,512 - INFO - Excel row written | seq=40 | filename=Template1_Instance133.jpg | total_columns=15 | elapsed_ms=2350
2025-11-17 20:39:00,514 - INFO - Progress: OCR: /Users/[censored]/invoice-digitization-framework/data/images/Template1_Instance134.jpg [41/200 | 01:38]
2025-11-17 20:39:02,828 - INFO - Excel row written | seq=41 | filename=Template1_Instance134.jpg | total_columns=15 | elapsed_ms=2315
2025-11-17 20:39:02,828 - INFO - Progress: OCR: /Users/[censored]/invoice-digitization-framework/data/images/Template1_Instance135.jpg [42/200 | 01:41]
2025-11-17 20:39:05,280 - INFO - Excel row written | seq=42 | filename=Template1_Instance135.jpg | total_columns=15 | elapsed_ms=2451
2025-11-17 20:39:05,280 - INFO - Progress: OCR: /Users/[censored]/invoice-digitization-framework/data/images/Template1_Instance136.jpg [43/200 | 01:43]
2025-11-17 20:39:07,614 - INFO - Excel row written | seq=43 | filename=Template1_Instance136.jpg | total_columns=15 | elapsed_ms=2334
2025-11-17 20:39:07,615 - INFO - Progress: OCR: /Users/[censored]/invoice-digitization-framework/data/images/Template1_Instance137.jpg [44/200 | 01:46]
2025-11-17 20:39:09,994 - INFO - Excel row written | seq=44 | filename=Template1_Instance137.jpg | total_columns=15 | elapsed_ms=2380
2025-11-17 20:39:09,995 - INFO - Progress: OCR: /Users/[censored]/invoice-digitization-framework/data/images/Template1_Instance138.jpg [45/200 | 01:48]
2025-11-17 20:39:12,377 - INFO - Excel row written | seq=45 | filename=Template1_Instance138.jpg | total_columns=15 | elapsed_ms=2383
2025-11-17 20:39:12,378 - INFO - Progress: OCR: /Users/[censored]/invoice-digitization-framework/data/images/Template1_Instance139.jpg [46/200 | 01:50]
2025-11-17 20:39:14,744 - INFO - Excel row written | seq=46 | filename=Template1_Instance139.jpg | total_columns=15 | elapsed_ms=2366
2025-11-17 20:39:14,744 - INFO - Progress: OCR: /Users/[censored]/invoice-digitization-framework/data/images/Template1_Instance14.jpg [47/200 | 01:53]
2025-11-17 20:39:17,161 - INFO - Excel row written | seq=47 | filename=Template1_Instance14.jpg | total_columns=15 | elapsed_ms=2416
2025-11-17 20:39:17,161 - INFO - Progress: OCR: /Users/[censored]/invoice-digitization-framework/data/images/Template1_Instance140.jpg [48/200 | 01:55]
2025-11-17 20:39:19,510 - INFO - Excel row written | seq=48 | filename=Template1_Instance140.jpg | total_columns=15 | elapsed_ms=2349
2025-11-17 20:39:19,510 - INFO - Progress: OCR: /Users/[censored]/invoice-digitization-framework/data/images/Template1_Instance141.jpg [49/200 | 01:57]
2025-11-17 20:39:21,744 - INFO - Excel row written | seq=49 | filename=Template1_Instance141.jpg | total_columns=15 | elapsed_ms=2234
2025-11-17 20:39:21,744 - INFO - Progress: OCR: /Users/[censored]/invoice-digitization-framework/data/images/Template1_Instance142.jpg [50/200 | 02:00]
2025-11-17 20:39:24,127 - INFO - Excel row written | seq=50 | filename=Template1_Instance142.jpg | total_columns=15 | elapsed_ms=2383
2025-11-17 20:39:24,127 - INFO - Progress: OCR: /Users/[censored]/invoice-digitization-framework/data/images/Template1_Instance143.jpg [51/200 | 02:02]
2025-11-17 20:39:26,494 - INFO - Excel row written | seq=51 | filename=Template1_Instance143.jpg | total_columns=15 | elapsed_ms=2367
2025-11-17 20:39:26,494 - INFO - Progress: OCR: /Users/[censored]/invoice-digitization-framework/data/images/Template1_Instance144.jpg [52/200 | 02:04]
2025-11-17 20:39:29,010 - INFO - Excel row written | seq=52 | filename=Template1_Instance144.jpg | total_columns=15 | elapsed_ms=2516
2025-11-17 20:39:29,011 - INFO - Progress: OCR: /Users/[censored]/invoice-digitization-framework/data/images/Template1_Instance145.jpg [53/200 | 02:07]
2025-11-17 20:39:31,561 - INFO - Excel row written | seq=53 | filename=Template1_Instance145.jpg | total_columns=15 | elapsed_ms=2550
2025-11-17 20:39:31,561 - INFO - Progress: OCR: /Users/[censored]/invoice-digitization-framework/data/images/Template1_Instance146.jpg [54/200 | 02:09]
2025-11-17 20:39:34,010 - INFO - Excel row written | seq=54 | filename=Template1_Instance146.jpg | total_columns=15 | elapsed_ms=2449
2025-11-17 20:39:34,010 - INFO - Progress: OCR: /Users/[censored]/invoice-digitization-framework/data/images/Template1_Instance147.jpg [55/200 | 02:12]
2025-11-17 20:39:36,494 - INFO - Excel row written | seq=55 | filename=Template1_Instance147.jpg | total_columns=15 | elapsed_ms=2484
2025-11-17 20:39:36,494 - INFO - Progress: OCR: /Users/[censored]/invoice-digitization-framework/data/images/Template1_Instance148.jpg [56/200 | 02:14]
2025-11-17 20:39:38,828 - INFO - Excel row written | seq=56 | filename=Template1_Instance148.jpg | total_columns=15 | elapsed_ms=2334
2025-11-17 20:39:38,829 - INFO - Progress: OCR: /Users/[censored]/invoice-digitization-framework/data/images/Template1_Instance149.jpg [57/200 | 02:17]
2025-11-17 20:39:41,228 - INFO - Excel row written | seq=57 | filename=Template1_Instance149.jpg | total_columns=15 | elapsed_ms=2399
2025-11-17 20:39:41,228 - INFO - Progress: OCR: /Users/[censored]/invoice-digitization-framework/data/images/Template1_Instance15.jpg [58/200 | 02:19]
2025-11-17 20:39:43,644 - INFO - Excel row written | seq=58 | filename=Template1_Instance15.jpg | total_columns=15 | elapsed_ms=2416
2025-11-17 20:39:43,645 - INFO - Progress: OCR: /Users/[censored]/invoice-digitization-framework/data/images/Template1_Instance150.jpg [59/200 | 02:22]
2025-11-17 20:39:45,994 - INFO - Excel row written | seq=59 | filename=Template1_Instance150.jpg | total_columns=15 | elapsed_ms=2350
2025-11-17 20:39:45,995 - INFO - Progress: OCR: /Users/[censored]/invoice-digitization-framework/data/images/Template1_Instance151.jpg [60/200 | 02:24]
2025-11-17 20:39:48,494 - INFO - Excel row written | seq=60 | filename=Template1_Instance151.jpg | total_columns=15 | elapsed_ms=2499
2025-11-17 20:39:48,494 - INFO - Progress: OCR: /Users/[censored]/invoice-digitization-framework/data/images/Template1_Instance152.jpg [61/200 | 02:26]
2025-11-17 20:39:51,026 - INFO - Excel row written | seq=61 | filename=Template1_Instance152.jpg | total_columns=15 | elapsed_ms=2532
2025-11-17 20:39:51,027 - INFO - Progress: OCR: /Users/[censored]/invoice-digitization-framework/data/images/Template1_Instance153.jpg [62/200 | 02:29]
2025-11-17 20:39:53,344 - INFO - Excel row written | seq=62 | filename=Template1_Instance153.jpg | total_columns=15 | elapsed_ms=2318
2025-11-17 20:39:53,345 - INFO - Progress: OCR: /Users/[censored]/invoice-digitization-framework/data/images/Template1_Instance154.jpg [63/200 | 02:31]
2025-11-17 20:39:55,762 - INFO - Excel row written | seq=63 | filename=Template1_Instance154.jpg | total_columns=15 | elapsed_ms=2417
2025-11-17 20:39:55,762 - INFO - Progress: OCR: /Users/[censored]/invoice-digitization-framework/data/images/Template1_Instance155.jpg [64/200 | 02:34]
2025-11-17 20:39:58,143 - INFO - Excel row written | seq=64 | filename=Template1_Instance155.jpg | total_columns=15 | elapsed_ms=2381
2025-11-17 20:39:58,143 - INFO - Progress: OCR: /Users/[censored]/invoice-digitization-framework/data/images/Template1_Instance156.jpg [65/200 | 02:36]
2025-11-17 20:40:00,628 - INFO - Excel row written | seq=65 | filename=Template1_Instance156.jpg | total_columns=15 | elapsed_ms=2485
2025-11-17 20:40:00,628 - INFO - Progress: OCR: /Users/[censored]/invoice-digitization-framework/data/images/Template1_Instance157.jpg [66/200 | 02:39]
2025-11-17 20:40:03,044 - INFO - Excel row written | seq=66 | filename=Template1_Instance157.jpg | total_columns=15 | elapsed_ms=2416
2025-11-17 20:40:03,044 - INFO - Progress: OCR: /Users/[censored]/invoice-digitization-framework/data/images/Template1_Instance158.jpg [67/200 | 02:41]
2025-11-17 20:40:05,361 - INFO - Excel row written | seq=67 | filename=Template1_Instance158.jpg | total_columns=15 | elapsed_ms=2317
2025-11-17 20:40:05,362 - INFO - Progress: OCR: /Users/[censored]/invoice-digitization-framework/data/images/Template1_Instance159.jpg [68/200 | 02:43]
2025-11-17 20:40:07,778 - INFO - Excel row written | seq=68 | filename=Template1_Instance159.jpg | total_columns=15 | elapsed_ms=2416
2025-11-17 20:40:07,778 - INFO - Progress: OCR: /Users/[censored]/invoice-digitization-framework/data/images/Template1_Instance16.jpg [69/200 | 02:46]
2025-11-17 20:40:10,413 - INFO - Excel row written | seq=69 | filename=Template1_Instance16.jpg | total_columns=15 | elapsed_ms=2635
2025-11-17 20:40:10,414 - INFO - Progress: OCR: /Users/[censored]/invoice-digitization-framework/data/images/Template1_Instance160.jpg [70/200 | 02:48]
2025-11-17 20:40:12,994 - INFO - Excel row written | seq=70 | filename=Template1_Instance160.jpg | total_columns=15 | elapsed_ms=2580
2025-11-17 20:40:12,995 - INFO - Progress: OCR: /Users/[censored]/invoice-digitization-framework/data/images/Template1_Instance161.jpg [71/200 | 02:51]
2025-11-17 20:40:15,277 - INFO - Excel row written | seq=71 | filename=Template1_Instance161.jpg | total_columns=15 | elapsed_ms=2282
2025-11-17 20:40:15,277 - INFO - Progress: OCR: /Users/[censored]/invoice-digitization-framework/data/images/Template1_Instance162.jpg [72/200 | 02:53]
2025-11-17 20:40:17,661 - INFO - Excel row written | seq=72 | filename=Template1_Instance162.jpg | total_columns=15 | elapsed_ms=2384
2025-11-17 20:40:17,662 - INFO - Progress: OCR: /Users/[censored]/invoice-digitization-framework/data/images/Template1_Instance163.jpg [73/200 | 02:56]
2025-11-17 20:40:20,044 - INFO - Excel row written | seq=73 | filename=Template1_Instance163.jpg | total_columns=15 | elapsed_ms=2382
2025-11-17 20:40:20,044 - INFO - Progress: OCR: /Users/[censored]/invoice-digitization-framework/data/images/Template1_Instance164.jpg [74/200 | 02:58]
2025-11-17 20:40:22,562 - INFO - Excel row written | seq=74 | filename=Template1_Instance164.jpg | total_columns=15 | elapsed_ms=2518
2025-11-17 20:40:22,562 - INFO - Progress: OCR: /Users/[censored]/invoice-digitization-framework/data/images/Template1_Instance165.jpg [75/200 | 03:00]
2025-11-17 20:40:24,910 - INFO - Excel row written | seq=75 | filename=Template1_Instance165.jpg | total_columns=15 | elapsed_ms=2348
2025-11-17 20:40:24,910 - INFO - Progress: OCR: /Users/[censored]/invoice-digitization-framework/data/images/Template1_Instance166.jpg [76/200 | 03:03]
2025-11-17 20:40:27,227 - INFO - Excel row written | seq=76 | filename=Template1_Instance166.jpg | total_columns=15 | elapsed_ms=2317
2025-11-17 20:40:27,228 - INFO - Progress: OCR: /Users/[censored]/invoice-digitization-framework/data/images/Template1_Instance167.jpg [77/200 | 03:05]
2025-11-17 20:40:29,609 - INFO - Excel row written | seq=77 | filename=Template1_Instance167.jpg | total_columns=15 | elapsed_ms=2382
2025-11-17 20:40:29,610 - INFO - Progress: OCR: /Users/[censored]/invoice-digitization-framework/data/images/Template1_Instance168.jpg [78/200 | 03:08]
2025-11-17 20:40:32,143 - INFO - Excel row written | seq=78 | filename=Template1_Instance168.jpg | total_columns=15 | elapsed_ms=2533
2025-11-17 20:40:32,143 - INFO - Progress: OCR: /Users/[censored]/invoice-digitization-framework/data/images/Template1_Instance169.jpg [79/200 | 03:10]
2025-11-17 20:40:34,495 - INFO - Excel row written | seq=79 | filename=Template1_Instance169.jpg | total_columns=15 | elapsed_ms=2351
2025-11-17 20:40:34,496 - INFO - Progress: OCR: /Users/[censored]/invoice-digitization-framework/data/images/Template1_Instance17.jpg [80/200 | 03:12]
2025-11-17 20:40:36,827 - INFO - Excel row written | seq=80 | filename=Template1_Instance17.jpg | total_columns=15 | elapsed_ms=2331
2025-11-17 20:40:36,827 - INFO - Progress: OCR: /Users/[censored]/invoice-digitization-framework/data/images/Template1_Instance170.jpg [81/200 | 03:15]
2025-11-17 20:40:39,176 - INFO - Excel row written | seq=81 | filename=Template1_Instance170.jpg | total_columns=15 | elapsed_ms=2349
2025-11-17 20:40:39,177 - INFO - Progress: OCR: /Users/[censored]/invoice-digitization-framework/data/images/Template1_Instance171.jpg [82/200 | 03:17]
2025-11-17 20:40:41,443 - INFO - Excel row written | seq=82 | filename=Template1_Instance171.jpg | total_columns=15 | elapsed_ms=2266
2025-11-17 20:40:41,443 - INFO - Progress: OCR: /Users/[censored]/invoice-digitization-framework/data/images/Template1_Instance172.jpg [83/200 | 03:19]
2025-11-17 20:40:44,129 - INFO - Excel row written | seq=83 | filename=Template1_Instance172.jpg | total_columns=15 | elapsed_ms=2686
2025-11-17 20:40:44,130 - INFO - Progress: OCR: /Users/[censored]/invoice-digitization-framework/data/images/Template1_Instance173.jpg [84/200 | 03:22]
2025-11-17 20:40:46,444 - INFO - Excel row written | seq=84 | filename=Template1_Instance173.jpg | total_columns=15 | elapsed_ms=2314
2025-11-17 20:40:46,444 - INFO - Progress: OCR: /Users/[censored]/invoice-digitization-framework/data/images/Template1_Instance174.jpg [85/200 | 03:24]
2025-11-17 20:40:48,777 - INFO - Excel row written | seq=85 | filename=Template1_Instance174.jpg | total_columns=15 | elapsed_ms=2332
2025-11-17 20:40:48,777 - INFO - Progress: OCR: /Users/[censored]/invoice-digitization-framework/data/images/Template1_Instance175.jpg [86/200 | 03:27]
2025-11-17 20:40:51,127 - INFO - Excel row written | seq=86 | filename=Template1_Instance175.jpg | total_columns=15 | elapsed_ms=2350
2025-11-17 20:40:51,128 - INFO - Progress: OCR: /Users/[censored]/invoice-digitization-framework/data/images/Template1_Instance176.jpg [87/200 | 03:29]
2025-11-17 20:40:53,460 - INFO - Excel row written | seq=87 | filename=Template1_Instance176.jpg | total_columns=15 | elapsed_ms=2332
2025-11-17 20:40:53,460 - INFO - Progress: OCR: /Users/[censored]/invoice-digitization-framework/data/images/Template1_Instance177.jpg [88/200 | 03:31]
2025-11-17 20:40:55,661 - INFO - Excel row written | seq=88 | filename=Template1_Instance177.jpg | total_columns=15 | elapsed_ms=2201
2025-11-17 20:40:55,662 - INFO - Progress: OCR: /Users/[censored]/invoice-digitization-framework/data/images/Template1_Instance178.jpg [89/200 | 03:34]
2025-11-17 20:40:58,059 - INFO - Excel row written | seq=89 | filename=Template1_Instance178.jpg | total_columns=15 | elapsed_ms=2397
2025-11-17 20:40:58,059 - INFO - Progress: OCR: /Users/[censored]/invoice-digitization-framework/data/images/Template1_Instance179.jpg [90/200 | 03:36]
2025-11-17 20:41:00,276 - INFO - Excel row written | seq=90 | filename=Template1_Instance179.jpg | total_columns=15 | elapsed_ms=2217
2025-11-17 20:41:00,276 - INFO - Progress: OCR: /Users/[censored]/invoice-digitization-framework/data/images/Template1_Instance18.jpg [91/200 | 03:38]
2025-11-17 20:41:02,626 - INFO - Excel row written | seq=91 | filename=Template1_Instance18.jpg | total_columns=15 | elapsed_ms=2349
2025-11-17 20:41:02,626 - INFO - Progress: OCR: /Users/[censored]/invoice-digitization-framework/data/images/Template1_Instance180.jpg [92/200 | 03:41]
2025-11-17 20:41:05,164 - INFO - Excel row written | seq=92 | filename=Template1_Instance180.jpg | total_columns=15 | elapsed_ms=2538
2025-11-17 20:41:05,164 - INFO - Progress: OCR: /Users/[censored]/invoice-digitization-framework/data/images/Template1_Instance181.jpg [93/200 | 03:43]
2025-11-17 20:41:07,694 - INFO - Excel row written | seq=93 | filename=Template1_Instance181.jpg | total_columns=15 | elapsed_ms=2530
2025-11-17 20:41:07,695 - INFO - Progress: OCR: /Users/[censored]/invoice-digitization-framework/data/images/Template1_Instance182.jpg [94/200 | 03:46]
2025-11-17 20:41:10,077 - INFO - Excel row written | seq=94 | filename=Template1_Instance182.jpg | total_columns=15 | elapsed_ms=2382
2025-11-17 20:41:10,077 - INFO - Progress: OCR: /Users/[censored]/invoice-digitization-framework/data/images/Template1_Instance183.jpg [95/200 | 03:48]
2025-11-17 20:41:12,477 - INFO - Excel row written | seq=95 | filename=Template1_Instance183.jpg | total_columns=15 | elapsed_ms=2400
2025-11-17 20:41:12,478 - INFO - Progress: OCR: /Users/[censored]/invoice-digitization-framework/data/images/Template1_Instance184.jpg [96/200 | 03:50]
2025-11-17 20:41:15,109 - INFO - Excel row written | seq=96 | filename=Template1_Instance184.jpg | total_columns=15 | elapsed_ms=2632
2025-11-17 20:41:15,109 - INFO - Progress: OCR: /Users/[censored]/invoice-digitization-framework/data/images/Template1_Instance185.jpg [97/200 | 03:53]
2025-11-17 20:41:17,461 - INFO - Excel row written | seq=97 | filename=Template1_Instance185.jpg | total_columns=15 | elapsed_ms=2352
2025-11-17 20:41:17,462 - INFO - Progress: OCR: /Users/[censored]/invoice-digitization-framework/data/images/Template1_Instance186.jpg [98/200 | 03:55]
2025-11-17 20:41:19,827 - INFO - Excel row written | seq=98 | filename=Template1_Instance186.jpg | total_columns=15 | elapsed_ms=2365
2025-11-17 20:41:19,827 - INFO - Progress: OCR: /Users/[censored]/invoice-digitization-framework/data/images/Template1_Instance187.jpg [99/200 | 03:58]
2025-11-17 20:41:22,176 - INFO - Excel row written | seq=99 | filename=Template1_Instance187.jpg | total_columns=15 | elapsed_ms=2349
2025-11-17 20:41:22,176 - INFO - Progress: OCR: /Users/[censored]/invoice-digitization-framework/data/images/Template1_Instance188.jpg [100/200 | 04:00]
2025-11-17 20:41:24,342 - INFO - Excel row written | seq=100 | filename=Template1_Instance188.jpg | total_columns=15 | elapsed_ms=2166
2025-11-17 20:41:24,343 - INFO - Progress: OCR: /Users/[censored]/invoice-digitization-framework/data/images/Template1_Instance189.jpg [101/200 | 04:02]
2025-11-17 20:41:26,693 - INFO - Excel row written | seq=101 | filename=Template1_Instance189.jpg | total_columns=15 | elapsed_ms=2350
2025-11-17 20:41:26,693 - INFO - Progress: OCR: /Users/[censored]/invoice-digitization-framework/data/images/Template1_Instance19.jpg [102/200 | 04:05]
2025-11-17 20:41:29,044 - INFO - Excel row written | seq=102 | filename=Template1_Instance19.jpg | total_columns=15 | elapsed_ms=2351
2025-11-17 20:41:29,045 - INFO - Progress: OCR: /Users/[censored]/invoice-digitization-framework/data/images/Template1_Instance190.jpg [103/200 | 04:07]
2025-11-17 20:41:31,425 - INFO - Excel row written | seq=103 | filename=Template1_Instance190.jpg | total_columns=15 | elapsed_ms=2381
2025-11-17 20:41:31,426 - INFO - Progress: OCR: /Users/[censored]/invoice-digitization-framework/data/images/Template1_Instance191.jpg [104/200 | 04:09]
2025-11-17 20:41:33,762 - INFO - Excel row written | seq=104 | filename=Template1_Instance191.jpg | total_columns=15 | elapsed_ms=2336
2025-11-17 20:41:33,763 - INFO - Progress: OCR: /Users/[censored]/invoice-digitization-framework/data/images/Template1_Instance192.jpg [105/200 | 04:12]
2025-11-17 20:41:36,226 - INFO - Excel row written | seq=105 | filename=Template1_Instance192.jpg | total_columns=15 | elapsed_ms=2463
2025-11-17 20:41:36,226 - INFO - Progress: OCR: /Users/[censored]/invoice-digitization-framework/data/images/Template1_Instance193.jpg [106/200 | 04:14]
2025-11-17 20:41:38,794 - INFO - Excel row written | seq=106 | filename=Template1_Instance193.jpg | total_columns=15 | elapsed_ms=2568
2025-11-17 20:41:38,794 - INFO - Progress: OCR: /Users/[censored]/invoice-digitization-framework/data/images/Template1_Instance194.jpg [107/200 | 04:17]
2025-11-17 20:41:41,176 - INFO - Excel row written | seq=107 | filename=Template1_Instance194.jpg | total_columns=15 | elapsed_ms=2382
2025-11-17 20:41:41,176 - INFO - Progress: OCR: /Users/[censored]/invoice-digitization-framework/data/images/Template1_Instance195.jpg [108/200 | 04:19]
2025-11-17 20:41:43,627 - INFO - Excel row written | seq=108 | filename=Template1_Instance195.jpg | total_columns=15 | elapsed_ms=2451
2025-11-17 20:41:43,628 - INFO - Progress: OCR: /Users/[censored]/invoice-digitization-framework/data/images/Template1_Instance196.jpg [109/200 | 04:22]
2025-11-17 20:41:46,227 - INFO - Excel row written | seq=109 | filename=Template1_Instance196.jpg | total_columns=15 | elapsed_ms=2599
2025-11-17 20:41:46,227 - INFO - Progress: OCR: /Users/[censored]/invoice-digitization-framework/data/images/Template1_Instance197.jpg [110/200 | 04:24]
2025-11-17 20:41:48,803 - INFO - Excel row written | seq=110 | filename=Template1_Instance197.jpg | total_columns=15 | elapsed_ms=2576
2025-11-17 20:41:48,804 - INFO - Progress: OCR: /Users/[censored]/invoice-digitization-framework/data/images/Template1_Instance198.jpg [111/200 | 04:27]
2025-11-17 20:41:51,193 - INFO - Excel row written | seq=111 | filename=Template1_Instance198.jpg | total_columns=15 | elapsed_ms=2389
2025-11-17 20:41:51,193 - INFO - Progress: OCR: /Users/[censored]/invoice-digitization-framework/data/images/Template1_Instance199.jpg [112/200 | 04:29]
2025-11-17 20:41:53,509 - INFO - Excel row written | seq=112 | filename=Template1_Instance199.jpg | total_columns=15 | elapsed_ms=2316
2025-11-17 20:41:53,510 - INFO - Progress: OCR: /Users/[censored]/invoice-digitization-framework/data/images/Template1_Instance2.jpg [113/200 | 04:31]
2025-11-17 20:41:55,843 - INFO - Excel row written | seq=113 | filename=Template1_Instance2.jpg | total_columns=15 | elapsed_ms=2333
2025-11-17 20:41:55,843 - INFO - Progress: OCR: /Users/[censored]/invoice-digitization-framework/data/images/Template1_Instance20.jpg [114/200 | 04:34]
2025-11-17 20:41:58,243 - INFO - Excel row written | seq=114 | filename=Template1_Instance20.jpg | total_columns=15 | elapsed_ms=2399
2025-11-17 20:41:58,243 - INFO - Progress: OCR: /Users/[censored]/invoice-digitization-framework/data/images/Template1_Instance21.jpg [115/200 | 04:36]
2025-11-17 20:42:00,793 - INFO - Excel row written | seq=115 | filename=Template1_Instance21.jpg | total_columns=15 | elapsed_ms=2550
2025-11-17 20:42:00,793 - INFO - Progress: OCR: /Users/[censored]/invoice-digitization-framework/data/images/Template1_Instance22.jpg [116/200 | 04:39]
2025-11-17 20:42:03,210 - INFO - Excel row written | seq=116 | filename=Template1_Instance22.jpg | total_columns=15 | elapsed_ms=2416
2025-11-17 20:42:03,211 - INFO - Progress: OCR: /Users/[censored]/invoice-digitization-framework/data/images/Template1_Instance23.jpg [117/200 | 04:41]
2025-11-17 20:42:05,425 - INFO - Excel row written | seq=117 | filename=Template1_Instance23.jpg | total_columns=15 | elapsed_ms=2215
2025-11-17 20:42:05,426 - INFO - Progress: OCR: /Users/[censored]/invoice-digitization-framework/data/images/Template1_Instance24.jpg [118/200 | 04:43]
2025-11-17 20:42:07,843 - INFO - Excel row written | seq=118 | filename=Template1_Instance24.jpg | total_columns=15 | elapsed_ms=2418
2025-11-17 20:42:07,844 - INFO - Progress: OCR: /Users/[censored]/invoice-digitization-framework/data/images/Template1_Instance25.jpg [119/200 | 04:46]
2025-11-17 20:42:10,276 - INFO - Excel row written | seq=119 | filename=Template1_Instance25.jpg | total_columns=15 | elapsed_ms=2432
2025-11-17 20:42:10,277 - INFO - Progress: OCR: /Users/[censored]/invoice-digitization-framework/data/images/Template1_Instance26.jpg [120/200 | 04:48]
2025-11-17 20:42:12,544 - INFO - Excel row written | seq=120 | filename=Template1_Instance26.jpg | total_columns=15 | elapsed_ms=2267
2025-11-17 20:42:12,544 - INFO - Progress: OCR: /Users/[censored]/invoice-digitization-framework/data/images/Template1_Instance27.jpg [121/200 | 04:50]
2025-11-17 20:42:14,892 - INFO - Excel row written | seq=121 | filename=Template1_Instance27.jpg | total_columns=15 | elapsed_ms=2348
2025-11-17 20:42:14,893 - INFO - Progress: OCR: /Users/[censored]/invoice-digitization-framework/data/images/Template1_Instance28.jpg [122/200 | 04:53]
2025-11-17 20:42:17,243 - INFO - Excel row written | seq=122 | filename=Template1_Instance28.jpg | total_columns=15 | elapsed_ms=2351
2025-11-17 20:42:17,244 - INFO - Progress: OCR: /Users/[censored]/invoice-digitization-framework/data/images/Template1_Instance29.jpg [123/200 | 04:55]
2025-11-17 20:42:19,592 - INFO - Excel row written | seq=123 | filename=Template1_Instance29.jpg | total_columns=15 | elapsed_ms=2349
2025-11-17 20:42:19,593 - INFO - Progress: OCR: /Users/[censored]/invoice-digitization-framework/data/images/Template1_Instance3.jpg [124/200 | 04:58]
2025-11-17 20:42:21,842 - INFO - Excel row written | seq=124 | filename=Template1_Instance3.jpg | total_columns=15 | elapsed_ms=2249
2025-11-17 20:42:21,843 - INFO - Progress: OCR: /Users/[censored]/invoice-digitization-framework/data/images/Template1_Instance30.jpg [125/200 | 05:00]
2025-11-17 20:42:24,193 - INFO - Excel row written | seq=125 | filename=Template1_Instance30.jpg | total_columns=15 | elapsed_ms=2350
2025-11-17 20:42:24,193 - INFO - Progress: OCR: /Users/[censored]/invoice-digitization-framework/data/images/Template1_Instance31.jpg [126/200 | 05:02]
2025-11-17 20:42:26,642 - INFO - Excel row written | seq=126 | filename=Template1_Instance31.jpg | total_columns=15 | elapsed_ms=2449
2025-11-17 20:42:26,643 - INFO - Progress: OCR: /Users/[censored]/invoice-digitization-framework/data/images/Template1_Instance32.jpg [127/200 | 05:05]
2025-11-17 20:42:28,843 - INFO - Excel row written | seq=127 | filename=Template1_Instance32.jpg | total_columns=15 | elapsed_ms=2200
2025-11-17 20:42:28,843 - INFO - Progress: OCR: /Users/[censored]/invoice-digitization-framework/data/images/Template1_Instance33.jpg [128/200 | 05:07]
2025-11-17 20:42:31,243 - INFO - Excel row written | seq=128 | filename=Template1_Instance33.jpg | total_columns=15 | elapsed_ms=2399
2025-11-17 20:42:31,243 - INFO - Progress: OCR: /Users/[censored]/invoice-digitization-framework/data/images/Template1_Instance34.jpg [129/200 | 05:09]
2025-11-17 20:42:33,844 - INFO - Excel row written | seq=129 | filename=Template1_Instance34.jpg | total_columns=15 | elapsed_ms=2601
2025-11-17 20:42:33,845 - INFO - Progress: OCR: /Users/[censored]/invoice-digitization-framework/data/images/Template1_Instance35.jpg [130/200 | 05:12]
2025-11-17 20:42:36,210 - INFO - Excel row written | seq=130 | filename=Template1_Instance35.jpg | total_columns=15 | elapsed_ms=2365
2025-11-17 20:42:36,210 - INFO - Progress: OCR: /Users/[censored]/invoice-digitization-framework/data/images/Template1_Instance36.jpg [131/200 | 05:14]
2025-11-17 20:42:38,592 - INFO - Excel row written | seq=131 | filename=Template1_Instance36.jpg | total_columns=15 | elapsed_ms=2382
2025-11-17 20:42:38,593 - INFO - Progress: OCR: /Users/[censored]/invoice-digitization-framework/data/images/Template1_Instance37.jpg [132/200 | 05:17]
2025-11-17 20:42:40,892 - INFO - Excel row written | seq=132 | filename=Template1_Instance37.jpg | total_columns=15 | elapsed_ms=2299
2025-11-17 20:42:40,893 - INFO - Progress: OCR: /Users/[censored]/invoice-digitization-framework/data/images/Template1_Instance38.jpg [133/200 | 05:19]
2025-11-17 20:42:43,092 - INFO - Excel row written | seq=133 | filename=Template1_Instance38.jpg | total_columns=15 | elapsed_ms=2199
2025-11-17 20:42:43,093 - INFO - Progress: OCR: /Users/[censored]/invoice-digitization-framework/data/images/Template1_Instance39.jpg [134/200 | 05:21]
2025-11-17 20:42:45,426 - INFO - Excel row written | seq=134 | filename=Template1_Instance39.jpg | total_columns=15 | elapsed_ms=2333
2025-11-17 20:42:45,426 - INFO - Progress: OCR: /Users/[censored]/invoice-digitization-framework/data/images/Template1_Instance4.jpg [135/200 | 05:23]
2025-11-17 20:42:47,792 - INFO - Excel row written | seq=135 | filename=Template1_Instance4.jpg | total_columns=15 | elapsed_ms=2366
2025-11-17 20:42:47,792 - INFO - Progress: OCR: /Users/[censored]/invoice-digitization-framework/data/images/Template1_Instance40.jpg [136/200 | 05:26]
2025-11-17 20:42:50,209 - INFO - Excel row written | seq=136 | filename=Template1_Instance40.jpg | total_columns=15 | elapsed_ms=2416
2025-11-17 20:42:50,209 - INFO - Progress: OCR: /Users/[censored]/invoice-digitization-framework/data/images/Template1_Instance41.jpg [137/200 | 05:28]
2025-11-17 20:42:52,591 - INFO - Excel row written | seq=137 | filename=Template1_Instance41.jpg | total_columns=15 | elapsed_ms=2383
2025-11-17 20:42:52,592 - INFO - Progress: OCR: /Users/[censored]/invoice-digitization-framework/data/images/Template1_Instance42.jpg [138/200 | 05:31]
2025-11-17 20:42:54,978 - INFO - Excel row written | seq=138 | filename=Template1_Instance42.jpg | total_columns=15 | elapsed_ms=2386
2025-11-17 20:42:54,978 - INFO - Progress: OCR: /Users/[censored]/invoice-digitization-framework/data/images/Template1_Instance43.jpg [139/200 | 05:33]
2025-11-17 20:42:57,360 - INFO - Excel row written | seq=139 | filename=Template1_Instance43.jpg | total_columns=15 | elapsed_ms=2382
2025-11-17 20:42:57,360 - INFO - Progress: OCR: /Users/[censored]/invoice-digitization-framework/data/images/Template1_Instance44.jpg [140/200 | 05:35]
2025-11-17 20:42:59,658 - INFO - Excel row written | seq=140 | filename=Template1_Instance44.jpg | total_columns=15 | elapsed_ms=2298
2025-11-17 20:42:59,659 - INFO - Progress: OCR: /Users/[censored]/invoice-digitization-framework/data/images/Template1_Instance45.jpg [141/200 | 05:38]
2025-11-17 20:43:01,875 - INFO - Excel row written | seq=141 | filename=Template1_Instance45.jpg | total_columns=15 | elapsed_ms=2216
2025-11-17 20:43:01,875 - INFO - Progress: OCR: /Users/[censored]/invoice-digitization-framework/data/images/Template1_Instance46.jpg [142/200 | 05:40]
2025-11-17 20:43:04,292 - INFO - Excel row written | seq=142 | filename=Template1_Instance46.jpg | total_columns=15 | elapsed_ms=2416
2025-11-17 20:43:04,292 - INFO - Progress: OCR: /Users/[censored]/invoice-digitization-framework/data/images/Template1_Instance47.jpg [143/200 | 05:42]
2025-11-17 20:43:06,777 - INFO - Excel row written | seq=143 | filename=Template1_Instance47.jpg | total_columns=15 | elapsed_ms=2485
2025-11-17 20:43:06,778 - INFO - Progress: OCR: /Users/[censored]/invoice-digitization-framework/data/images/Template1_Instance48.jpg [144/200 | 05:45]
2025-11-17 20:43:09,158 - INFO - Excel row written | seq=144 | filename=Template1_Instance48.jpg | total_columns=15 | elapsed_ms=2380
2025-11-17 20:43:09,158 - INFO - Progress: OCR: /Users/[censored]/invoice-digitization-framework/data/images/Template1_Instance49.jpg [145/200 | 05:47]
2025-11-17 20:43:11,493 - INFO - Excel row written | seq=145 | filename=Template1_Instance49.jpg | total_columns=15 | elapsed_ms=2335
2025-11-17 20:43:11,493 - INFO - Progress: OCR: /Users/[censored]/invoice-digitization-framework/data/images/Template1_Instance5.jpg [146/200 | 05:49]
2025-11-17 20:43:13,709 - INFO - Excel row written | seq=146 | filename=Template1_Instance5.jpg | total_columns=15 | elapsed_ms=2215
2025-11-17 20:43:13,709 - INFO - Progress: OCR: /Users/[censored]/invoice-digitization-framework/data/images/Template1_Instance50.jpg [147/200 | 05:52]
2025-11-17 20:43:15,991 - INFO - Excel row written | seq=147 | filename=Template1_Instance50.jpg | total_columns=15 | elapsed_ms=2282
2025-11-17 20:43:15,992 - INFO - Progress: OCR: /Users/[censored]/invoice-digitization-framework/data/images/Template1_Instance51.jpg [148/200 | 05:54]
2025-11-17 20:43:18,509 - INFO - Excel row written | seq=148 | filename=Template1_Instance51.jpg | total_columns=15 | elapsed_ms=2518
2025-11-17 20:43:18,510 - INFO - Progress: OCR: /Users/[censored]/invoice-digitization-framework/data/images/Template1_Instance52.jpg [149/200 | 05:56]
2025-11-17 20:43:20,710 - INFO - Excel row written | seq=149 | filename=Template1_Instance52.jpg | total_columns=15 | elapsed_ms=2200
2025-11-17 20:43:20,710 - INFO - Progress: OCR: /Users/[censored]/invoice-digitization-framework/data/images/Template1_Instance53.jpg [150/200 | 05:59]
2025-11-17 20:43:23,075 - INFO - Excel row written | seq=150 | filename=Template1_Instance53.jpg | total_columns=15 | elapsed_ms=2365
2025-11-17 20:43:23,075 - INFO - Progress: OCR: /Users/[censored]/invoice-digitization-framework/data/images/Template1_Instance54.jpg [151/200 | 06:01]
2025-11-17 20:43:25,309 - INFO - Excel row written | seq=151 | filename=Template1_Instance54.jpg | total_columns=15 | elapsed_ms=2233
2025-11-17 20:43:25,309 - INFO - Progress: OCR: /Users/[censored]/invoice-digitization-framework/data/images/Template1_Instance55.jpg [152/200 | 06:03]
2025-11-17 20:43:27,508 - INFO - Excel row written | seq=152 | filename=Template1_Instance55.jpg | total_columns=15 | elapsed_ms=2199
2025-11-17 20:43:27,509 - INFO - Progress: OCR: /Users/[censored]/invoice-digitization-framework/data/images/Template1_Instance56.jpg [153/200 | 06:05]
2025-11-17 20:43:29,827 - INFO - Excel row written | seq=153 | filename=Template1_Instance56.jpg | total_columns=15 | elapsed_ms=2318
2025-11-17 20:43:29,827 - INFO - Progress: OCR: /Users/[censored]/invoice-digitization-framework/data/images/Template1_Instance57.jpg [154/200 | 06:08]
2025-11-17 20:43:32,142 - INFO - Excel row written | seq=154 | filename=Template1_Instance57.jpg | total_columns=15 | elapsed_ms=2314
2025-11-17 20:43:32,142 - INFO - Progress: OCR: /Users/[censored]/invoice-digitization-framework/data/images/Template1_Instance58.jpg [155/200 | 06:10]
2025-11-17 20:43:34,325 - INFO - Excel row written | seq=155 | filename=Template1_Instance58.jpg | total_columns=15 | elapsed_ms=2183
2025-11-17 20:43:34,326 - INFO - Progress: OCR: /Users/[censored]/invoice-digitization-framework/data/images/Template1_Instance59.jpg [156/200 | 06:12]
2025-11-17 20:43:36,692 - INFO - Excel row written | seq=156 | filename=Template1_Instance59.jpg | total_columns=15 | elapsed_ms=2366
2025-11-17 20:43:36,692 - INFO - Progress: OCR: /Users/[censored]/invoice-digitization-framework/data/images/Template1_Instance6.jpg [157/200 | 06:15]
2025-11-17 20:43:38,910 - INFO - Excel row written | seq=157 | filename=Template1_Instance6.jpg | total_columns=15 | elapsed_ms=2217
2025-11-17 20:43:38,910 - INFO - Progress: OCR: /Users/[censored]/invoice-digitization-framework/data/images/Template1_Instance60.jpg [158/200 | 06:17]
2025-11-17 20:43:41,275 - INFO - Excel row written | seq=158 | filename=Template1_Instance60.jpg | total_columns=15 | elapsed_ms=2365
2025-11-17 20:43:41,276 - INFO - Progress: OCR: /Users/[censored]/invoice-digitization-framework/data/images/Template1_Instance61.jpg [159/200 | 06:19]
2025-11-17 20:43:43,608 - INFO - Excel row written | seq=159 | filename=Template1_Instance61.jpg | total_columns=15 | elapsed_ms=2332
2025-11-17 20:43:43,609 - INFO - Progress: OCR: /Users/[censored]/invoice-digitization-framework/data/images/Template1_Instance62.jpg [160/200 | 06:22]
2025-11-17 20:43:45,942 - INFO - Excel row written | seq=160 | filename=Template1_Instance62.jpg | total_columns=15 | elapsed_ms=2333
2025-11-17 20:43:45,943 - INFO - Progress: OCR: /Users/[censored]/invoice-digitization-framework/data/images/Template1_Instance63.jpg [161/200 | 06:24]
2025-11-17 20:43:48,342 - INFO - Excel row written | seq=161 | filename=Template1_Instance63.jpg | total_columns=15 | elapsed_ms=2399
2025-11-17 20:43:48,342 - INFO - Progress: OCR: /Users/[censored]/invoice-digitization-framework/data/images/Template1_Instance64.jpg [162/200 | 06:26]
2025-11-17 20:43:50,876 - INFO - Excel row written | seq=162 | filename=Template1_Instance64.jpg | total_columns=15 | elapsed_ms=2534
2025-11-17 20:43:50,877 - INFO - Progress: OCR: /Users/[censored]/invoice-digitization-framework/data/images/Template1_Instance65.jpg [163/200 | 06:29]
2025-11-17 20:43:53,225 - INFO - Excel row written | seq=163 | filename=Template1_Instance65.jpg | total_columns=15 | elapsed_ms=2348
2025-11-17 20:43:53,226 - INFO - Progress: OCR: /Users/[censored]/invoice-digitization-framework/data/images/Template1_Instance66.jpg [164/200 | 06:31]
2025-11-17 20:43:55,409 - INFO - Excel row written | seq=164 | filename=Template1_Instance66.jpg | total_columns=15 | elapsed_ms=2183
2025-11-17 20:43:55,409 - INFO - Progress: OCR: /Users/[censored]/invoice-digitization-framework/data/images/Template1_Instance67.jpg [165/200 | 06:33]
2025-11-17 20:43:57,625 - INFO - Excel row written | seq=165 | filename=Template1_Instance67.jpg | total_columns=15 | elapsed_ms=2216
2025-11-17 20:43:57,626 - INFO - Progress: OCR: /Users/[censored]/invoice-digitization-framework/data/images/Template1_Instance68.jpg [166/200 | 06:36]
2025-11-17 20:44:00,010 - INFO - Excel row written | seq=166 | filename=Template1_Instance68.jpg | total_columns=15 | elapsed_ms=2384
2025-11-17 20:44:00,010 - INFO - Progress: OCR: /Users/[censored]/invoice-digitization-framework/data/images/Template1_Instance69.jpg [167/200 | 06:38]
2025-11-17 20:44:02,510 - INFO - Excel row written | seq=167 | filename=Template1_Instance69.jpg | total_columns=15 | elapsed_ms=2500
2025-11-17 20:44:02,511 - INFO - Progress: OCR: /Users/[censored]/invoice-digitization-framework/data/images/Template1_Instance7.jpg [168/200 | 06:40]
2025-11-17 20:44:04,858 - INFO - Excel row written | seq=168 | filename=Template1_Instance7.jpg | total_columns=15 | elapsed_ms=2348
2025-11-17 20:44:04,859 - INFO - Progress: OCR: /Users/[censored]/invoice-digitization-framework/data/images/Template1_Instance70.jpg [169/200 | 06:43]
2025-11-17 20:44:07,192 - INFO - Excel row written | seq=169 | filename=Template1_Instance70.jpg | total_columns=15 | elapsed_ms=2333
2025-11-17 20:44:07,192 - INFO - Progress: OCR: /Users/[censored]/invoice-digitization-framework/data/images/Template1_Instance71.jpg [170/200 | 06:45]
2025-11-17 20:44:09,525 - INFO - Excel row written | seq=170 | filename=Template1_Instance71.jpg | total_columns=15 | elapsed_ms=2333
2025-11-17 20:44:09,525 - INFO - Progress: OCR: /Users/[censored]/invoice-digitization-framework/data/images/Template1_Instance72.jpg [171/200 | 06:47]
2025-11-17 20:44:11,859 - INFO - Excel row written | seq=171 | filename=Template1_Instance72.jpg | total_columns=15 | elapsed_ms=2333
2025-11-17 20:44:11,859 - INFO - Progress: OCR: /Users/[censored]/invoice-digitization-framework/data/images/Template1_Instance73.jpg [172/200 | 06:50]
2025-11-17 20:44:14,158 - INFO - Excel row written | seq=172 | filename=Template1_Instance73.jpg | total_columns=15 | elapsed_ms=2299
2025-11-17 20:44:14,159 - INFO - Progress: OCR: /Users/[censored]/invoice-digitization-framework/data/images/Template1_Instance74.jpg [173/200 | 06:52]
2025-11-17 20:44:16,541 - INFO - Excel row written | seq=173 | filename=Template1_Instance74.jpg | total_columns=15 | elapsed_ms=2382
2025-11-17 20:44:16,542 - INFO - Progress: OCR: /Users/[censored]/invoice-digitization-framework/data/images/Template1_Instance75.jpg [174/200 | 06:54]
2025-11-17 20:44:18,858 - INFO - Excel row written | seq=174 | filename=Template1_Instance75.jpg | total_columns=15 | elapsed_ms=2316
2025-11-17 20:44:18,859 - INFO - Progress: OCR: /Users/[censored]/invoice-digitization-framework/data/images/Template1_Instance76.jpg [175/200 | 06:57]
2025-11-17 20:44:21,225 - INFO - Excel row written | seq=175 | filename=Template1_Instance76.jpg | total_columns=15 | elapsed_ms=2366
2025-11-17 20:44:21,226 - INFO - Progress: OCR: /Users/[censored]/invoice-digitization-framework/data/images/Template1_Instance77.jpg [176/200 | 06:59]
2025-11-17 20:44:23,726 - INFO - Excel row written | seq=176 | filename=Template1_Instance77.jpg | total_columns=15 | elapsed_ms=2500
2025-11-17 20:44:23,727 - INFO - Progress: OCR: /Users/[censored]/invoice-digitization-framework/data/images/Template1_Instance78.jpg [177/200 | 07:02]
2025-11-17 20:44:26,074 - INFO - Excel row written | seq=177 | filename=Template1_Instance78.jpg | total_columns=15 | elapsed_ms=2347
2025-11-17 20:44:26,075 - INFO - Progress: OCR: /Users/[censored]/invoice-digitization-framework/data/images/Template1_Instance79.jpg [178/200 | 07:04]
2025-11-17 20:44:28,875 - INFO - Excel row written | seq=178 | filename=Template1_Instance79.jpg | total_columns=15 | elapsed_ms=2800
2025-11-17 20:44:28,875 - INFO - Progress: OCR: /Users/[censored]/invoice-digitization-framework/data/images/Template1_Instance8.jpg [179/200 | 07:07]
2025-11-17 20:44:31,258 - INFO - Excel row written | seq=179 | filename=Template1_Instance8.jpg | total_columns=15 | elapsed_ms=2383
2025-11-17 20:44:31,259 - INFO - Progress: OCR: /Users/[censored]/invoice-digitization-framework/data/images/Template1_Instance80.jpg [180/200 | 07:09]
2025-11-17 20:44:33,625 - INFO - Excel row written | seq=180 | filename=Template1_Instance80.jpg | total_columns=15 | elapsed_ms=2366
2025-11-17 20:44:33,625 - INFO - Progress: OCR: /Users/[censored]/invoice-digitization-framework/data/images/Template1_Instance81.jpg [181/200 | 07:12]
2025-11-17 20:44:35,843 - INFO - Excel row written | seq=181 | filename=Template1_Instance81.jpg | total_columns=15 | elapsed_ms=2218
2025-11-17 20:44:35,844 - INFO - Progress: OCR: /Users/[censored]/invoice-digitization-framework/data/images/Template1_Instance82.jpg [182/200 | 07:14]
2025-11-17 20:44:38,208 - INFO - Excel row written | seq=182 | filename=Template1_Instance82.jpg | total_columns=15 | elapsed_ms=2364
2025-11-17 20:44:38,208 - INFO - Progress: OCR: /Users/[censored]/invoice-digitization-framework/data/images/Template1_Instance83.jpg [183/200 | 07:16]
2025-11-17 20:44:40,408 - INFO - Excel row written | seq=183 | filename=Template1_Instance83.jpg | total_columns=15 | elapsed_ms=2200
2025-11-17 20:44:40,409 - INFO - Progress: OCR: /Users/[censored]/invoice-digitization-framework/data/images/Template1_Instance84.jpg [184/200 | 07:18]
2025-11-17 20:44:42,791 - INFO - Excel row written | seq=184 | filename=Template1_Instance84.jpg | total_columns=15 | elapsed_ms=2383
2025-11-17 20:44:42,792 - INFO - Progress: OCR: /Users/[censored]/invoice-digitization-framework/data/images/Template1_Instance85.jpg [185/200 | 07:21]
2025-11-17 20:44:45,143 - INFO - Excel row written | seq=185 | filename=Template1_Instance85.jpg | total_columns=15 | elapsed_ms=2352
2025-11-17 20:44:45,144 - INFO - Progress: OCR: /Users/[censored]/invoice-digitization-framework/data/images/Template1_Instance86.jpg [186/200 | 07:23]
2025-11-17 20:44:47,341 - INFO - Excel row written | seq=186 | filename=Template1_Instance86.jpg | total_columns=15 | elapsed_ms=2198
2025-11-17 20:44:47,342 - INFO - Progress: OCR: /Users/[censored]/invoice-digitization-framework/data/images/Template1_Instance87.jpg [187/200 | 07:25]
2025-11-17 20:44:49,657 - INFO - Excel row written | seq=187 | filename=Template1_Instance87.jpg | total_columns=15 | elapsed_ms=2316
2025-11-17 20:44:49,658 - INFO - Progress: OCR: /Users/[censored]/invoice-digitization-framework/data/images/Template1_Instance88.jpg [188/200 | 07:28]
2025-11-17 20:44:51,875 - INFO - Excel row written | seq=188 | filename=Template1_Instance88.jpg | total_columns=15 | elapsed_ms=2217
2025-11-17 20:44:51,875 - INFO - Progress: OCR: /Users/[censored]/invoice-digitization-framework/data/images/Template1_Instance89.jpg [189/200 | 07:30]
2025-11-17 20:44:54,241 - INFO - Excel row written | seq=189 | filename=Template1_Instance89.jpg | total_columns=15 | elapsed_ms=2366
2025-11-17 20:44:54,242 - INFO - Progress: OCR: /Users/[censored]/invoice-digitization-framework/data/images/Template1_Instance9.jpg [190/200 | 07:32]
2025-11-17 20:44:56,776 - INFO - Excel row written | seq=190 | filename=Template1_Instance9.jpg | total_columns=15 | elapsed_ms=2534
2025-11-17 20:44:56,777 - INFO - Progress: OCR: /Users/[censored]/invoice-digitization-framework/data/images/Template1_Instance90.jpg [191/200 | 07:35]
2025-11-17 20:44:59,208 - INFO - Excel row written | seq=191 | filename=Template1_Instance90.jpg | total_columns=15 | elapsed_ms=2431
2025-11-17 20:44:59,208 - INFO - Progress: OCR: /Users/[censored]/invoice-digitization-framework/data/images/Template1_Instance91.jpg [192/200 | 07:37]
2025-11-17 20:45:01,574 - INFO - Excel row written | seq=192 | filename=Template1_Instance91.jpg | total_columns=15 | elapsed_ms=2365
2025-11-17 20:45:01,574 - INFO - Progress: OCR: /Users/[censored]/invoice-digitization-framework/data/images/Template1_Instance92.jpg [193/200 | 07:39]
2025-11-17 20:45:03,875 - INFO - Excel row written | seq=193 | filename=Template1_Instance92.jpg | total_columns=15 | elapsed_ms=2300
2025-11-17 20:45:03,875 - INFO - Progress: OCR: /Users/[censored]/invoice-digitization-framework/data/images/Template1_Instance93.jpg [194/200 | 07:42]
2025-11-17 20:45:06,174 - INFO - Excel row written | seq=194 | filename=Template1_Instance93.jpg | total_columns=15 | elapsed_ms=2299
2025-11-17 20:45:06,175 - INFO - Progress: OCR: /Users/[censored]/invoice-digitization-framework/data/images/Template1_Instance94.jpg [195/200 | 07:44]
2025-11-17 20:45:08,559 - INFO - Excel row written | seq=195 | filename=Template1_Instance94.jpg | total_columns=15 | elapsed_ms=2384
2025-11-17 20:45:08,560 - INFO - Progress: OCR: /Users/[censored]/invoice-digitization-framework/data/images/Template1_Instance95.jpg [196/200 | 07:46]
2025-11-17 20:45:10,958 - INFO - Excel row written | seq=196 | filename=Template1_Instance95.jpg | total_columns=15 | elapsed_ms=2398
2025-11-17 20:45:10,958 - INFO - Progress: OCR: /Users/[censored]/invoice-digitization-framework/data/images/Template1_Instance96.jpg [197/200 | 07:49]
2025-11-17 20:45:13,308 - INFO - Excel row written | seq=197 | filename=Template1_Instance96.jpg | total_columns=15 | elapsed_ms=2350
2025-11-17 20:45:13,309 - INFO - Progress: OCR: /Users/[censored]/invoice-digitization-framework/data/images/Template1_Instance97.jpg [198/200 | 07:51]
2025-11-17 20:45:15,708 - INFO - Excel row written | seq=198 | filename=Template1_Instance97.jpg | total_columns=15 | elapsed_ms=2399
2025-11-17 20:45:15,708 - INFO - Progress: OCR: /Users/[censored]/invoice-digitization-framework/data/images/Template1_Instance98.jpg [199/200 | 07:54]
2025-11-17 20:45:18,257 - INFO - Excel row written | seq=199 | filename=Template1_Instance98.jpg | total_columns=15 | elapsed_ms=2549
2025-11-17 20:45:18,257 - INFO - Progress: OCR: /Users/[censored]/invoice-digitization-framework/data/images/Template1_Instance99.jpg [200/200 | 07:56]
2025-11-17 20:45:20,607 - INFO - Excel row written | seq=200 | filename=Template1_Instance99.jpg | total_columns=15 | elapsed_ms=2350
2025-11-17 20:45:20,613 - INFO - Progress: Wrote result/ocr_results.csv (200 rows). [Total time: 07:59]
2025-11-17 20:45:20,615 - INFO - OCR pipeline finished | output=result/ocr_results.csv
2025-11-17 20:45:20,622 - INFO - Excel write completed | rows=200 | sheet=Sheet1 | start=D5 | mode=active
2025-11-17 20:45:20,623 - INFO - Run summary:
2025-11-17 20:45:20,623 - INFO -   Total duration : 479483 ms (479.48s)
2025-11-17 20:45:20,623 - INFO -   Avg OCR->Excel : 2395 ms (2.39s)
2025-11-17 20:45:20,623 - INFO -   Fastest row    : 2166 ms (2.17s)
2025-11-17 20:45:20,623 - INFO -   Slowest row    : 4148 ms (4.15s)
2025-11-17 20:45:20,623 - INFO -   Rows processed : 200
2025-11-17 20:45:20,623 - INFO -   Output CSV     : result/ocr_results.csv
2025-11-17 20:45:20,623 - INFO -   Log location   : /Users/[censored]/invoice-digitization-framework/result/excel_rpa.log
2025-11-17 20:45:20,623 - INFO - Starting validation script for result/ocr_results.csv
2025-11-17 20:45:20,718 - INFO - Validation completed successfully.
============================================================